<?xml version="1.0" encoding="UTF-8"?>
<!-- Generated by org.testng.reporters.JUnitReportReporter -->
<testsuite hostname="BitToNi" failures="0" tests="2" name="com.demoqa.test.elements.UploadAndDownloadTest" time="10.996" errors="0" timestamp="2025-02-27T21:37:06 IST" skipped="0">
  <testcase classname="com.demoqa.test.elements.UploadAndDownloadTest" name="TC013" time="1.674"/>
  <testcase classname="com.demoqa.test.elements.UploadAndDownloadTest" name="TC012" time="9.322"/>
</testsuite> <!-- com.demoqa.test.elements.UploadAndDownloadTest -->
