<?xml version="1.0" encoding="UTF-8"?>
<!-- Generated by org.testng.reporters.JUnitReportReporter -->
<testsuite hostname="BitToNi" failures="0" tests="2" name="com.demoqa.test.elements.BrokenLinkImageTest" time="12.169" errors="0" timestamp="2025-02-27T21:37:06 IST" skipped="0">
  <testcase classname="com.demoqa.test.elements.BrokenLinkImageTest" name="TC010" time="5.667"/>
  <testcase classname="com.demoqa.test.elements.BrokenLinkImageTest" name="TC011" time="6.502"/>
</testsuite> <!-- com.demoqa.test.elements.BrokenLinkImageTest -->
