<?xml version="1.0" encoding="UTF-8"?>
<!-- Generated by org.testng.reporters.JUnitReportReporter -->
<testsuite hostname="BitToNi" failures="0" tests="3" name="com.demoqa.test.elements.WebTablesTest" time="12.146" errors="0" timestamp="2025-02-27T21:37:06 IST" skipped="0">
  <testcase classname="com.demoqa.test.elements.WebTablesTest" name="TC005" time="2.614"/>
  <testcase classname="com.demoqa.test.elements.WebTablesTest" name="TC007" time="6.934"/>
  <testcase classname="com.demoqa.test.elements.WebTablesTest" name="TC006" time="2.598"/>
</testsuite> <!-- com.demoqa.test.elements.WebTablesTest -->
