<?xml version="1.0" encoding="UTF-8"?>
<!-- Generated by org.testng.reporters.JUnitReportReporter -->
<testsuite hostname="BitToNi" failures="0" tests="2" name="com.demoqa.test.elements.CheckBoxTest" time="5.443" errors="0" timestamp="2025-02-27T21:37:06 IST" skipped="0">
  <testcase classname="com.demoqa.test.elements.CheckBoxTest" name="TC003" time="0.781"/>
  <testcase classname="com.demoqa.test.elements.CheckBoxTest" name="TC002" time="4.662"/>
</testsuite> <!-- com.demoqa.test.elements.CheckBoxTest -->
