<?xml version="1.0" encoding="UTF-8"?>
<!-- Generated by org.testng.reporters.JUnitReportReporter -->
<testsuite hostname="BitToNi" failures="0" tests="1" name="com.demoqa.test.elements.TextBoxTest" time="4.681" errors="0" timestamp="2025-02-27T21:37:06 IST" skipped="0">
  <testcase classname="com.demoqa.test.elements.TextBoxTest" name="TC001" time="4.681"/>
</testsuite> <!-- com.demoqa.test.elements.TextBoxTest -->
