<?xml version="1.0" encoding="UTF-8"?>
<!-- Generated by org.testng.reporters.JUnitReportReporter -->
<testsuite hostname="BitToNi" failures="0" tests="1" name="com.demoqa.test.elements.ButtonTest" time="7.533" errors="0" timestamp="2025-02-27T21:37:06 IST" skipped="0">
  <testcase classname="com.demoqa.test.elements.ButtonTest" name="TC008" time="7.533"/>
</testsuite> <!-- com.demoqa.test.elements.ButtonTest -->
